<?xml version="1.0" encoding="UTF-8"?>
<testsuites name="insregistration" time="80" tests="0" failures="1" errors="0">
   <testsuite name="insregistration" tests="0" failures="1" errors="0" time="80" timestamp="2019-07-07 18:12:57" hostname="DELL - DESKTOP-6QK8RF8" id="Test Suites/insregistration">
      <properties>
         <property name="deviceName" value=""/>
         <property name="devicePlatform" value=""/>
         <property name="logFolder" value="E:\\katalon\\damasproject\\Reports\\insregistration\\20190707_181251"/>
         <property name="logFiles" value="E:\\katalon\\damasproject\\Reports\\insregistration\\20190707_181251\\execution0.log"/>
         <property name="attachments" value="E:\\katalon\\damasproject\\Reports\\insregistration\\20190707_181251\\1562508856622.png"/>
         <property name="hostName" value="DELL - DESKTOP-6QK8RF8"/>
         <property name="os" value="Windows 10 64bit"/>
         <property name="katalonVersion" value="6.0.5.4"/>
         <property name="browser" value="Firefox 67.0"/>
         <property name="hostAddress" value="192.168.56.1"/>
         <property name="sessionId" value="ae73b9de-13ac-4193-a3e3-f371aa0751f9"/>
         <property name="seleniumVersion" value="3.7.1"/>
         <property name="proxyInformation" value="ProxyInformation{proxyOption=NO_PROXY, proxyServerType=HTTP, password=, proxyServerAddress=, proxyServerPort=0}"/>
         <property name="platform" value="Windows 10"/>
      </properties>
      <testcase name="Test Cases/insregistration" classname="Test Cases/insregistration" status="FAILED">
         <failure type="FAILED" message="Test Cases/insregistration FAILED.
Reason:
com.kms.katalon.core.exception.StepFailedException: Unable to set text '30' of object 'Object Repository/insregistration/input_Consultation_deductible'
	at com.kms.katalon.core.keyword.internal.KeywordMain.stepFailed(KeywordMain.groovy:48)
	at com.kms.katalon.core.webui.keyword.internal.WebUIKeywordMain.stepFailed(WebUIKeywordMain.groovy:65)
	at com.kms.katalon.core.webui.keyword.internal.WebUIKeywordMain.runKeyword(WebUIKeywordMain.groovy:27)
	at com.kms.katalon.core.webui.keyword.builtin.SetTextKeyword.setText(SetTextKeyword.groovy:65)
	at com.kms.katalon.core.webui.keyword.builtin.SetTextKeyword.execute(SetTextKeyword.groovy:37)
	at com.kms.katalon.core.keyword.internal.KeywordExecutor.executeKeywordForPlatform(KeywordExecutor.groovy:56)
	at com.kms.katalon.core.webui.keyword.WebUiBuiltInKeywords.setText(WebUiBuiltInKeywords.groovy:950)
	at com.kms.katalon.core.webui.keyword.WebUiBuiltInKeywords$setText$1.call(Unknown Source)
	at insregistration.run(insregistration:176)
	at com.kms.katalon.core.main.ScriptEngine.run(ScriptEngine.java:194)
	at com.kms.katalon.core.main.ScriptEngine.runScriptAsRawText(ScriptEngine.java:119)
	at com.kms.katalon.core.main.TestCaseExecutor.runScript(TestCaseExecutor.java:331)
	at com.kms.katalon.core.main.TestCaseExecutor.doExecute(TestCaseExecutor.java:322)
	at com.kms.katalon.core.main.TestCaseExecutor.processExecutionPhase(TestCaseExecutor.java:301)
	at com.kms.katalon.core.main.TestCaseExecutor.accessMainPhase(TestCaseExecutor.java:293)
	at com.kms.katalon.core.main.TestCaseExecutor.execute(TestCaseExecutor.java:227)
	at com.kms.katalon.core.main.TestSuiteExecutor.accessTestCaseMainPhase(TestSuiteExecutor.java:129)
	at com.kms.katalon.core.main.TestSuiteExecutor.accessTestSuiteMainPhase(TestSuiteExecutor.java:112)
	at com.kms.katalon.core.main.TestSuiteExecutor.execute(TestSuiteExecutor.java:81)
	at com.kms.katalon.core.main.TestCaseMain.startTestSuite(TestCaseMain.java:157)
	at com.kms.katalon.core.main.TestCaseMain$startTestSuite$0.call(Unknown Source)
	at TempTestSuite1562508776074.run(TempTestSuite1562508776074.groovy:35)
"/>
         <system-out><![CDATA[2019-07-07 18:12:58 - [TEST_CASE][FAILED] - Test Cases/insregistration: Test Cases/insregistration FAILED.
Reason:
com.kms.katalon.core.exception.StepFailedException: Unable to set text '30' of object 'Object Repository/insregistration/input_Consultation_deductible'
	at com.kms.katalon.core.keyword.internal.KeywordMain.stepFailed(KeywordMain.groovy:48)
	at com.kms.katalon.core.webui.keyword.internal.WebUIKeywordMain.stepFailed(WebUIKeywordMain.groovy:65)
	at com.kms.katalon.core.webui.keyword.internal.WebUIKeywordMain.runKeyword(WebUIKeywordMain.groovy:27)
	at com.kms.katalon.core.webui.keyword.builtin.SetTextKeyword.setText(SetTextKeyword.groovy:65)
	at com.kms.katalon.core.webui.keyword.builtin.SetTextKeyword.execute(SetTextKeyword.groovy:37)
	at com.kms.katalon.core.keyword.internal.KeywordExecutor.executeKeywordForPlatform(KeywordExecutor.groovy:56)
	at com.kms.katalon.core.webui.keyword.WebUiBuiltInKeywords.setText(WebUiBuiltInKeywords.groovy:950)
	at com.kms.katalon.core.webui.keyword.WebUiBuiltInKeywords$setText$1.call(Unknown Source)
	at insregistration.run(insregistration:176)
	at com.kms.katalon.core.main.ScriptEngine.run(ScriptEngine.java:194)
	at com.kms.katalon.core.main.ScriptEngine.runScriptAsRawText(ScriptEngine.java:119)
	at com.kms.katalon.core.main.TestCaseExecutor.runScript(TestCaseExecutor.java:331)
	at com.kms.katalon.core.main.TestCaseExecutor.doExecute(TestCaseExecutor.java:322)
	at com.kms.katalon.core.main.TestCaseExecutor.processExecutionPhase(TestCaseExecutor.java:301)
	at com.kms.katalon.core.main.TestCaseExecutor.accessMainPhase(TestCaseExecutor.java:293)
	at com.kms.katalon.core.main.TestCaseExecutor.execute(TestCaseExecutor.java:227)
	at com.kms.katalon.core.main.TestSuiteExecutor.accessTestCaseMainPhase(TestSuiteExecutor.java:129)
	at com.kms.katalon.core.main.TestSuiteExecutor.accessTestSuiteMainPhase(TestSuiteExecutor.java:112)
	at com.kms.katalon.core.main.TestSuiteExecutor.execute(TestSuiteExecutor.java:81)
	at com.kms.katalon.core.main.TestCaseMain.startTestSuite(TestCaseMain.java:157)
	at com.kms.katalon.core.main.TestCaseMain$startTestSuite$0.call(Unknown Source)
	at TempTestSuite1562508776074.run(TempTestSuite1562508776074.groovy:35)


2019-07-07 18:12:58 - [TEST_STEP][PASSED] - openBrowser(""): Browser is opened with url: ''

2019-07-07 18:12:58 - [MESSAGE][INFO] - Starting 'Firefox' driver

2019-07-07 18:12:58 - [MESSAGE][INFO] - Action delay is set to 0 seconds

2019-07-07 18:13:04 - [MESSAGE][PASSED] - Browser is opened with url: ''

2019-07-07 18:13:04 - [TEST_STEP][PASSED] - navigateToUrl("http://localhost:8090/eclinic/"): Navigate to 'http://localhost:8090/eclinic/' successfully

2019-07-07 18:13:05 - [MESSAGE][PASSED] - Navigate to 'http://localhost:8090/eclinic/' successfully

2019-07-07 18:13:05 - [TEST_STEP][PASSED] - delay(5): Delayed 5 second(s)

2019-07-07 18:13:10 - [MESSAGE][PASSED] - Delayed 5 second(s)

2019-07-07 18:13:10 - [TEST_STEP][PASSED] - setText(findTestObject("Components/logins/input_MEDAS HIS_user_name"), username): Text 'Admin' is set on object 'Object Repository/Components/logins/input_MEDAS HIS_user_name'

2019-07-07 18:13:10 - [MESSAGE][PASSED] - Text 'Admin' is set on object 'Object Repository/Components/logins/input_MEDAS HIS_user_name'

2019-07-07 18:13:10 - [TEST_STEP][PASSED] - setText(findTestObject("Components/logins/input_MEDAS HIS_user_password"), password): Text '12345' is set on object 'Object Repository/Components/logins/input_MEDAS HIS_user_password'

2019-07-07 18:13:10 - [MESSAGE][PASSED] - Text '12345' is set on object 'Object Repository/Components/logins/input_MEDAS HIS_user_password'

2019-07-07 18:13:10 - [TEST_STEP][PASSED] - click(findTestObject("Components/Buttons/login")): Object: 'Object Repository/Components/Buttons/login' is clicked on

2019-07-07 18:13:13 - [MESSAGE][PASSED] - Object: 'Object Repository/Components/Buttons/login' is clicked on

2019-07-07 18:13:13 - [TEST_STEP][PASSED] - click(findTestObject("cashregister/Page_eClinicUserAdministrator/officeselection")): Object: 'Object Repository/cashregister/Page_eClinicUserAdministrator/officeselection' is clicked on

2019-07-07 18:13:13 - [MESSAGE][PASSED] - Object: 'Object Repository/cashregister/Page_eClinicUserAdministrator/officeselection' is clicked on

2019-07-07 18:13:13 - [TEST_STEP][PASSED] - click(findTestObject("cashregister/Page_eClinicUserAdministrator/selectoffice")): Object: 'Object Repository/cashregister/Page_eClinicUserAdministrator/selectoffice' is clicked on

2019-07-07 18:13:13 - [MESSAGE][PASSED] - Object: 'Object Repository/cashregister/Page_eClinicUserAdministrator/selectoffice' is clicked on

2019-07-07 18:13:13 - [TEST_STEP][PASSED] - click(findTestObject("Components/Buttons/go")): Object: 'Object Repository/Components/Buttons/go' is clicked on

2019-07-07 18:13:19 - [MESSAGE][PASSED] - Object: 'Object Repository/Components/Buttons/go' is clicked on

2019-07-07 18:13:19 - [TEST_STEP][PASSED] - click(findTestObject("cashregister/Page_eClinicUserAdministrator/Frontdesktab")): Object: 'Object Repository/cashregister/Page_eClinicUserAdministrator/Frontdesktab' is clicked on

2019-07-07 18:13:21 - [MESSAGE][PASSED] - Object: 'Object Repository/cashregister/Page_eClinicUserAdministrator/Frontdesktab' is clicked on

2019-07-07 18:13:21 - [TEST_STEP][PASSED] - delay(3): Delayed 3 second(s)

2019-07-07 18:13:24 - [MESSAGE][PASSED] - Delayed 3 second(s)

2019-07-07 18:13:24 - [TEST_STEP][PASSED] - click(findTestObject("cashregister/Page_eClinicUserAdministrator/registrationTab")): Object: 'Object Repository/cashregister/Page_eClinicUserAdministrator/registrationTab' is clicked on

2019-07-07 18:13:27 - [MESSAGE][PASSED] - Object: 'Object Repository/cashregister/Page_eClinicUserAdministrator/registrationTab' is clicked on

2019-07-07 18:13:27 - [TEST_STEP][PASSED] - delay(3): Delayed 3 second(s)

2019-07-07 18:13:30 - [MESSAGE][PASSED] - Delayed 3 second(s)

2019-07-07 18:13:30 - [TEST_STEP][PASSED] - click(findTestObject("cashregister/Page_eClinicUserAdministrator/ReferralSelectionClick")): Object: 'Object Repository/cashregister/Page_eClinicUserAdministrator/ReferralSelectionClick' is clicked on

2019-07-07 18:13:31 - [MESSAGE][PASSED] - Object: 'Object Repository/cashregister/Page_eClinicUserAdministrator/ReferralSelectionClick' is clicked on

2019-07-07 18:13:31 - [TEST_STEP][PASSED] - click(findTestObject("cashregister/Page_eClinicUserAdministrator/ReferralSelected")): Object: 'Object Repository/cashregister/Page_eClinicUserAdministrator/ReferralSelected' is clicked on

2019-07-07 18:13:31 - [MESSAGE][PASSED] - Object: 'Object Repository/cashregister/Page_eClinicUserAdministrator/ReferralSelected' is clicked on

2019-07-07 18:13:31 - [TEST_STEP][PASSED] - click(findTestObject("cashregister/Page_eClinicUserAdministrator/ConsultationSelectionClick")): Object: 'Object Repository/cashregister/Page_eClinicUserAdministrator/ConsultationSelectionClick' is clicked on

2019-07-07 18:13:31 - [MESSAGE][PASSED] - Object: 'Object Repository/cashregister/Page_eClinicUserAdministrator/ConsultationSelectionClick' is clicked on

2019-07-07 18:13:31 - [TEST_STEP][PASSED] - click(findTestObject("cashregister/Page_eClinicUserAdministrator/ConsultationSelected")): Object: 'Object Repository/cashregister/Page_eClinicUserAdministrator/ConsultationSelected' is clicked on

2019-07-07 18:13:32 - [MESSAGE][PASSED] - Object: 'Object Repository/cashregister/Page_eClinicUserAdministrator/ConsultationSelected' is clicked on

2019-07-07 18:13:32 - [TEST_STEP][PASSED] - click(findTestObject("cashregister/Page_eClinicUserAdministrator/AlreadyGenerated")): Object: 'Object Repository/cashregister/Page_eClinicUserAdministrator/AlreadyGenerated' is clicked on

2019-07-07 18:13:32 - [MESSAGE][PASSED] - Object: 'Object Repository/cashregister/Page_eClinicUserAdministrator/AlreadyGenerated' is clicked on

2019-07-07 18:13:32 - [TEST_STEP][PASSED] - setText(findTestObject("cashregister/Page_eClinicUserAdministrator/PatientName"), patientname): Text '3Auto_01' is set on object 'Object Repository/cashregister/Page_eClinicUserAdministrator/PatientName'

2019-07-07 18:13:32 - [MESSAGE][PASSED] - Text '3Auto_01' is set on object 'Object Repository/cashregister/Page_eClinicUserAdministrator/PatientName'

2019-07-07 18:13:32 - [TEST_STEP][PASSED] - setText(findTestObject("cashregister/Page_eClinicUserAdministrator/DOB"), "11111985"): Text '11111985' is set on object 'Object Repository/cashregister/Page_eClinicUserAdministrator/DOB'

2019-07-07 18:13:32 - [MESSAGE][PASSED] - Text '11111985' is set on object 'Object Repository/cashregister/Page_eClinicUserAdministrator/DOB'

2019-07-07 18:13:32 - [TEST_STEP][PASSED] - click(findTestObject("cashregister/Page_eClinicUserAdministrator/GenderClick")): Object: 'Object Repository/cashregister/Page_eClinicUserAdministrator/GenderClick' is clicked on

2019-07-07 18:13:32 - [MESSAGE][PASSED] - Object: 'Object Repository/cashregister/Page_eClinicUserAdministrator/GenderClick' is clicked on

2019-07-07 18:13:32 - [TEST_STEP][PASSED] - selectOptionByValue(findTestObject("cashregister/Page_eClinicUserAdministrator/GenderSelected"), "Male", true): All options with value 'Male' are selected in object 'Object Repository/cashregister/Page_eClinicUserAdministrator/GenderSelected'  using regular expression

2019-07-07 18:13:33 - [MESSAGE][PASSED] - All options with value 'Male' are selected in object 'Object Repository/cashregister/Page_eClinicUserAdministrator/GenderSelected'  using regular expression

2019-07-07 18:13:33 - [TEST_STEP][PASSED] - selectOptionByValue(findTestObject("cashregister/Page_eClinicUserAdministrator/VisaTypeSelected"), "resident", true): All options with value 'resident' are selected in object 'Object Repository/cashregister/Page_eClinicUserAdministrator/VisaTypeSelected'  using regular expression

2019-07-07 18:13:33 - [MESSAGE][PASSED] - All options with value 'resident' are selected in object 'Object Repository/cashregister/Page_eClinicUserAdministrator/VisaTypeSelected'  using regular expression

2019-07-07 18:13:33 - [TEST_STEP][PASSED] - selectOptionByValue(findTestObject("cashregister/Page_eClinicUserAdministrator/Mobile1Ext"), "97155", true): All options with value '97155' are selected in object 'Object Repository/cashregister/Page_eClinicUserAdministrator/Mobile1Ext'  using regular expression

2019-07-07 18:13:34 - [MESSAGE][PASSED] - All options with value '97155' are selected in object 'Object Repository/cashregister/Page_eClinicUserAdministrator/Mobile1Ext'  using regular expression

2019-07-07 18:13:34 - [TEST_STEP][PASSED] - setText(findTestObject("cashregister/Page_eClinicUserAdministrator/MobilenumInserted"), mobile): Text '505458747141' is set on object 'Object Repository/cashregister/Page_eClinicUserAdministrator/MobilenumInserted'

2019-07-07 18:13:34 - [MESSAGE][PASSED] - Text '505458747141' is set on object 'Object Repository/cashregister/Page_eClinicUserAdministrator/MobilenumInserted'

2019-07-07 18:13:34 - [TEST_STEP][PASSED] - click(findTestObject("cashregister/Page_eClinicUserAdministrator/Mobile2ExtClick")): Object: 'Object Repository/cashregister/Page_eClinicUserAdministrator/Mobile2ExtClick' is clicked on

2019-07-07 18:13:34 - [MESSAGE][PASSED] - Object: 'Object Repository/cashregister/Page_eClinicUserAdministrator/Mobile2ExtClick' is clicked on

2019-07-07 18:13:34 - [TEST_STEP][PASSED] - click(findTestObject("cashregister/Page_eClinicUserAdministrator/Mobile2ExtSelected")): Object: 'Object Repository/cashregister/Page_eClinicUserAdministrator/Mobile2ExtSelected' is clicked on

2019-07-07 18:13:34 - [MESSAGE][PASSED] - Object: 'Object Repository/cashregister/Page_eClinicUserAdministrator/Mobile2ExtSelected' is clicked on

2019-07-07 18:13:34 - [TEST_STEP][PASSED] - setText(findTestObject("cashregister/Page_eClinicUserAdministrator/Mobile2Inserted"), "5841201214"): Text '5841201214' is set on object 'Object Repository/cashregister/Page_eClinicUserAdministrator/Mobile2Inserted'

2019-07-07 18:13:34 - [MESSAGE][PASSED] - Text '5841201214' is set on object 'Object Repository/cashregister/Page_eClinicUserAdministrator/Mobile2Inserted'

2019-07-07 18:13:34 - [TEST_STEP][PASSED] - click(findTestObject("cashregister/Page_eClinicUserAdministrator/CityClick")): Object: 'Object Repository/cashregister/Page_eClinicUserAdministrator/CityClick' is clicked on

2019-07-07 18:13:35 - [MESSAGE][PASSED] - Object: 'Object Repository/cashregister/Page_eClinicUserAdministrator/CityClick' is clicked on

2019-07-07 18:13:35 - [TEST_STEP][PASSED] - click(findTestObject("cashregister/Page_eClinicUserAdministrator/CitySelected")): Object: 'Object Repository/cashregister/Page_eClinicUserAdministrator/CitySelected' is clicked on

2019-07-07 18:13:35 - [MESSAGE][PASSED] - Object: 'Object Repository/cashregister/Page_eClinicUserAdministrator/CitySelected' is clicked on

2019-07-07 18:13:35 - [TEST_STEP][PASSED] - setText(findTestObject("cashregister/Page_eClinicUserAdministrator/EmailInserted"), "we@qq.com"): Text 'we@qq.com' is set on object 'Object Repository/cashregister/Page_eClinicUserAdministrator/EmailInserted'

2019-07-07 18:13:35 - [MESSAGE][PASSED] - Text 'we@qq.com' is set on object 'Object Repository/cashregister/Page_eClinicUserAdministrator/EmailInserted'

2019-07-07 18:13:35 - [TEST_STEP][PASSED] - setText(findTestObject("cashregister/Page_eClinicUserAdministrator/FathernameInserted"), "dad"): Text 'dad' is set on object 'Object Repository/cashregister/Page_eClinicUserAdministrator/FathernameInserted'

2019-07-07 18:13:35 - [MESSAGE][PASSED] - Text 'dad' is set on object 'Object Repository/cashregister/Page_eClinicUserAdministrator/FathernameInserted'

2019-07-07 18:13:35 - [TEST_STEP][PASSED] - setText(findTestObject("cashregister/Page_eClinicUserAdministrator/DesignationInserted"), "qa"): Text 'qa' is set on object 'Object Repository/cashregister/Page_eClinicUserAdministrator/DesignationInserted'

2019-07-07 18:13:35 - [MESSAGE][PASSED] - Text 'qa' is set on object 'Object Repository/cashregister/Page_eClinicUserAdministrator/DesignationInserted'

2019-07-07 18:13:35 - [TEST_STEP][PASSED] - click(findTestObject("cashregister/Page_eClinicUserAdministrator/SourceClick")): Object: 'Object Repository/cashregister/Page_eClinicUserAdministrator/SourceClick' is clicked on

2019-07-07 18:13:36 - [MESSAGE][PASSED] - Object: 'Object Repository/cashregister/Page_eClinicUserAdministrator/SourceClick' is clicked on

2019-07-07 18:13:36 - [TEST_STEP][PASSED] - click(findTestObject("cashregister/Page_eClinicUserAdministrator/SourceSelected")): Object: 'Object Repository/cashregister/Page_eClinicUserAdministrator/SourceSelected' is clicked on

2019-07-07 18:13:36 - [MESSAGE][PASSED] - Object: 'Object Repository/cashregister/Page_eClinicUserAdministrator/SourceSelected' is clicked on

2019-07-07 18:13:36 - [TEST_STEP][PASSED] - setText(findTestObject("cashregister/Page_eClinicUserAdministrator/SourceInserted"), "source tested"): Text 'source tested' is set on object 'Object Repository/cashregister/Page_eClinicUserAdministrator/SourceInserted'

2019-07-07 18:13:39 - [MESSAGE][PASSED] - Text 'source tested' is set on object 'Object Repository/cashregister/Page_eClinicUserAdministrator/SourceInserted'

2019-07-07 18:13:39 - [TEST_STEP][PASSED] - setText(findTestObject("cashregister/Page_eClinicUserAdministrator/EmergencyNameInserted"), "4578124512"): Text '4578124512' is set on object 'Object Repository/cashregister/Page_eClinicUserAdministrator/EmergencyNameInserted'

2019-07-07 18:13:39 - [MESSAGE][PASSED] - Text '4578124512' is set on object 'Object Repository/cashregister/Page_eClinicUserAdministrator/EmergencyNameInserted'

2019-07-07 18:13:39 - [TEST_STEP][PASSED] - setText(findTestObject("cashregister/Page_eClinicUserAdministrator/RelationInserted"), "fath"): Text 'fath' is set on object 'Object Repository/cashregister/Page_eClinicUserAdministrator/RelationInserted'

2019-07-07 18:13:39 - [MESSAGE][PASSED] - Text 'fath' is set on object 'Object Repository/cashregister/Page_eClinicUserAdministrator/RelationInserted'

2019-07-07 18:13:39 - [TEST_STEP][PASSED] - selectOptionByValue(findTestObject("cashregister/Page_eClinicUserAdministrator/DepartmentSelected"), "6", false): All options with value '6' are selected in object 'Object Repository/cashregister/Page_eClinicUserAdministrator/DepartmentSelected' 

2019-07-07 18:13:39 - [MESSAGE][PASSED] - All options with value '6' are selected in object 'Object Repository/cashregister/Page_eClinicUserAdministrator/DepartmentSelected' 

2019-07-07 18:13:39 - [TEST_STEP][PASSED] - selectOptionByValue(findTestObject("cashregister/Page_eClinicUserAdministrator/DoctorSelected"), "3", false): All options with value '3' are selected in object 'Object Repository/cashregister/Page_eClinicUserAdministrator/DoctorSelected' 

2019-07-07 18:13:40 - [MESSAGE][PASSED] - All options with value '3' are selected in object 'Object Repository/cashregister/Page_eClinicUserAdministrator/DoctorSelected' 

2019-07-07 18:13:40 - [TEST_STEP][PASSED] - selectOptionByValue(findTestObject("cashregister/Page_eClinicUserAdministrator/NationalitySelected"), "2", false): All options with value '2' are selected in object 'Object Repository/cashregister/Page_eClinicUserAdministrator/NationalitySelected' 

2019-07-07 18:13:40 - [MESSAGE][PASSED] - All options with value '2' are selected in object 'Object Repository/cashregister/Page_eClinicUserAdministrator/NationalitySelected' 

2019-07-07 18:13:40 - [TEST_STEP][PASSED] - setText(findTestObject("cashregister/Page_eClinicUserAdministrator/EmiratesIDInserted"), residenceid, CONTINUE_ON_FAILURE): Text '111-1111-1111111-1' is set on object 'Object Repository/cashregister/Page_eClinicUserAdministrator/EmiratesIDInserted'

2019-07-07 18:13:40 - [MESSAGE][PASSED] - Text '111-1111-1111111-1' is set on object 'Object Repository/cashregister/Page_eClinicUserAdministrator/EmiratesIDInserted'

2019-07-07 18:13:40 - [TEST_STEP][PASSED] - selectOptionByValue(findTestObject("cashregister/Page_eClinicUserAdministrator/OtherIDClick"), "3", false): All options with value '3' are selected in object 'Object Repository/cashregister/Page_eClinicUserAdministrator/OtherIDClick' 

2019-07-07 18:13:40 - [MESSAGE][PASSED] - All options with value '3' are selected in object 'Object Repository/cashregister/Page_eClinicUserAdministrator/OtherIDClick' 

2019-07-07 18:13:40 - [TEST_STEP][PASSED] - setText(findTestObject("cashregister/Page_eClinicUserAdministrator/OtherIDInserted"), "230232421"): Text '230232421' is set on object 'Object Repository/cashregister/Page_eClinicUserAdministrator/OtherIDInserted'

2019-07-07 18:13:40 - [MESSAGE][PASSED] - Text '230232421' is set on object 'Object Repository/cashregister/Page_eClinicUserAdministrator/OtherIDInserted'

2019-07-07 18:13:40 - [TEST_STEP][PASSED] - click(findTestObject("cashregister/Page_eClinicUserAdministrator/TelephoneClick")): Object: 'Object Repository/cashregister/Page_eClinicUserAdministrator/TelephoneClick' is clicked on

2019-07-07 18:13:41 - [MESSAGE][PASSED] - Object: 'Object Repository/cashregister/Page_eClinicUserAdministrator/TelephoneClick' is clicked on

2019-07-07 18:13:41 - [TEST_STEP][PASSED] - click(findTestObject("cashregister/Page_eClinicUserAdministrator/TelephoneSelected")): Object: 'Object Repository/cashregister/Page_eClinicUserAdministrator/TelephoneSelected' is clicked on

2019-07-07 18:13:41 - [MESSAGE][PASSED] - Object: 'Object Repository/cashregister/Page_eClinicUserAdministrator/TelephoneSelected' is clicked on

2019-07-07 18:13:41 - [TEST_STEP][PASSED] - setText(findTestObject("cashregister/Page_eClinicUserAdministrator/TelephoneInserted"), "231789512"): Text '231789512' is set on object 'Object Repository/cashregister/Page_eClinicUserAdministrator/TelephoneInserted'

2019-07-07 18:13:41 - [MESSAGE][PASSED] - Text '231789512' is set on object 'Object Repository/cashregister/Page_eClinicUserAdministrator/TelephoneInserted'

2019-07-07 18:13:41 - [TEST_STEP][PASSED] - setText(findTestObject("cashregister/Page_eClinicUserAdministrator/PostalCodeInserted"), "235687451"): Text '235687451' is set on object 'Object Repository/cashregister/Page_eClinicUserAdministrator/PostalCodeInserted'

2019-07-07 18:13:41 - [MESSAGE][PASSED] - Text '235687451' is set on object 'Object Repository/cashregister/Page_eClinicUserAdministrator/PostalCodeInserted'

2019-07-07 18:13:41 - [TEST_STEP][PASSED] - setText(findTestObject("cashregister/Page_eClinicUserAdministrator/MothernameInserted"), "mom"): Text 'mom' is set on object 'Object Repository/cashregister/Page_eClinicUserAdministrator/MothernameInserted'

2019-07-07 18:13:41 - [MESSAGE][PASSED] - Text 'mom' is set on object 'Object Repository/cashregister/Page_eClinicUserAdministrator/MothernameInserted'

2019-07-07 18:13:41 - [TEST_STEP][PASSED] - setText(findTestObject("cashregister/Page_eClinicUserAdministrator/EmergencyNumInserted"), "125658748"): Text '125658748' is set on object 'Object Repository/cashregister/Page_eClinicUserAdministrator/EmergencyNumInserted'

2019-07-07 18:13:41 - [MESSAGE][PASSED] - Text '125658748' is set on object 'Object Repository/cashregister/Page_eClinicUserAdministrator/EmergencyNumInserted'

2019-07-07 18:13:41 - [TEST_STEP][PASSED] - selectOptionByValue(findTestObject("cashregister/Page_eClinicUserAdministrator/RegistrationtypeSelected"), "Normal", false): All options with value 'Normal' are selected in object 'Object Repository/cashregister/Page_eClinicUserAdministrator/RegistrationtypeSelected' 

2019-07-07 18:13:42 - [MESSAGE][PASSED] - All options with value 'Normal' are selected in object 'Object Repository/cashregister/Page_eClinicUserAdministrator/RegistrationtypeSelected' 

2019-07-07 18:13:42 - [TEST_STEP][PASSED] - delay(3): Delayed 3 second(s)

2019-07-07 18:13:45 - [MESSAGE][PASSED] - Delayed 3 second(s)

2019-07-07 18:13:45 - [TEST_STEP][PASSED] - click(findTestObject("insurance/span_No")): Object: 'Object Repository/insurance/span_No' is clicked on

2019-07-07 18:13:45 - [MESSAGE][PASSED] - Object: 'Object Repository/insurance/span_No' is clicked on

2019-07-07 18:13:45 - [TEST_STEP][PASSED] - delay(2): Delayed 2 second(s)

2019-07-07 18:13:47 - [MESSAGE][PASSED] - Delayed 2 second(s)

2019-07-07 18:13:47 - [TEST_STEP][PASSED] - click(findTestObject("insurance/li_Yes")): Object: 'Object Repository/insurance/li_Yes' is clicked on

2019-07-07 18:13:48 - [MESSAGE][PASSED] - Object: 'Object Repository/insurance/li_Yes' is clicked on

2019-07-07 18:13:48 - [TEST_STEP][PASSED] - delay(3): Delayed 3 second(s)

2019-07-07 18:13:51 - [MESSAGE][PASSED] - Delayed 3 second(s)

2019-07-07 18:13:51 - [TEST_STEP][PASSED] - click(findTestObject("insregistration/span_----Select----")): Object: 'Object Repository/insregistration/span_----Select----' is clicked on

2019-07-07 18:13:51 - [MESSAGE][PASSED] - Object: 'Object Repository/insregistration/span_----Select----' is clicked on

2019-07-07 18:13:51 - [TEST_STEP][PASSED] - click(findTestObject("insurance/li_ALMADALLAH")): Object: 'Object Repository/insurance/li_ALMADALLAH' is clicked on

2019-07-07 18:13:51 - [MESSAGE][PASSED] - Object: 'Object Repository/insurance/li_ALMADALLAH' is clicked on

2019-07-07 18:13:51 - [TEST_STEP][PASSED] - delay(3): Delayed 3 second(s)

2019-07-07 18:13:54 - [MESSAGE][PASSED] - Delayed 3 second(s)

2019-07-07 18:13:54 - [TEST_STEP][PASSED] - click(findTestObject("insurance/Insurar_Span")): Object: 'Object Repository/insurance/Insurar_Span' is clicked on

2019-07-07 18:13:55 - [MESSAGE][PASSED] - Object: 'Object Repository/insurance/Insurar_Span' is clicked on

2019-07-07 18:13:55 - [TEST_STEP][PASSED] - click(findTestObject("insurance/li_AL MADALLAH")): Object: 'Object Repository/insurance/li_AL MADALLAH' is clicked on

2019-07-07 18:13:55 - [MESSAGE][PASSED] - Object: 'Object Repository/insurance/li_AL MADALLAH' is clicked on

2019-07-07 18:13:55 - [TEST_STEP][PASSED] - delay(3): Delayed 3 second(s)

2019-07-07 18:13:58 - [MESSAGE][PASSED] - Delayed 3 second(s)

2019-07-07 18:13:58 - [TEST_STEP][PASSED] - click(findTestObject("insurance/network_span")): Object: 'Object Repository/insurance/network_span' is clicked on

2019-07-07 18:13:58 - [MESSAGE][PASSED] - Object: 'Object Repository/insurance/network_span' is clicked on

2019-07-07 18:13:58 - [TEST_STEP][PASSED] - click(findTestObject("insurance/li_GN")): Object: 'Object Repository/insurance/li_GN' is clicked on

2019-07-07 18:13:58 - [MESSAGE][PASSED] - Object: 'Object Repository/insurance/li_GN' is clicked on

2019-07-07 18:13:58 - [TEST_STEP][PASSED] - delay(3): Delayed 3 second(s)

2019-07-07 18:14:01 - [MESSAGE][PASSED] - Delayed 3 second(s)

2019-07-07 18:14:01 - [TEST_STEP][PASSED] - setText(findTestObject("insurance/input__card_no"), "589564124"): Text '589564124' is set on object 'Object Repository/insurance/input__card_no'

2019-07-07 18:14:01 - [MESSAGE][PASSED] - Text '589564124' is set on object 'Object Repository/insurance/input__card_no'

2019-07-07 18:14:01 - [TEST_STEP][PASSED] - delay(2): Delayed 2 second(s)

2019-07-07 18:14:03 - [MESSAGE][PASSED] - Delayed 2 second(s)

2019-07-07 18:14:03 - [TEST_STEP][PASSED] - setText(findTestObject("insregistration/input_Cert No_cert_no"), "8956412"): Text '8956412' is set on object 'Object Repository/insregistration/input_Cert No_cert_no'

2019-07-07 18:14:04 - [MESSAGE][PASSED] - Text '8956412' is set on object 'Object Repository/insregistration/input_Cert No_cert_no'

2019-07-07 18:14:04 - [TEST_STEP][PASSED] - delay(2): Delayed 2 second(s)

2019-07-07 18:14:06 - [MESSAGE][PASSED] - Delayed 2 second(s)

2019-07-07 18:14:06 - [TEST_STEP][PASSED] - setText(findTestObject("insregistration/input_Dependents No"), "55"): Text '55' is set on object 'Object Repository/insregistration/input_Dependents No'

2019-07-07 18:14:06 - [MESSAGE][PASSED] - Text '55' is set on object 'Object Repository/insregistration/input_Dependents No'

2019-07-07 18:14:06 - [TEST_STEP][PASSED] - delay(2): Delayed 2 second(s)

2019-07-07 18:14:08 - [MESSAGE][PASSED] - Delayed 2 second(s)

2019-07-07 18:14:08 - [TEST_STEP][PASSED] - setText(findTestObject("insregistration/input_Card No_ex_card_no"), "1212121"): Text '1212121' is set on object 'Object Repository/insregistration/input_Card No_ex_card_no'

2019-07-07 18:14:08 - [MESSAGE][PASSED] - Text '1212121' is set on object 'Object Repository/insregistration/input_Card No_ex_card_no'

2019-07-07 18:14:08 - [TEST_STEP][PASSED] - delay(2): Delayed 2 second(s)

2019-07-07 18:14:10 - [MESSAGE][PASSED] - Delayed 2 second(s)

2019-07-07 18:14:10 - [TEST_STEP][PASSED] - setText(findTestObject("insregistration/input_Policy No_policy_number"), "2323232"): Text '2323232' is set on object 'Object Repository/insregistration/input_Policy No_policy_number'

2019-07-07 18:14:10 - [MESSAGE][PASSED] - Text '2323232' is set on object 'Object Repository/insregistration/input_Policy No_policy_number'

2019-07-07 18:14:10 - [TEST_STEP][PASSED] - delay(2): Delayed 2 second(s)

2019-07-07 18:14:12 - [MESSAGE][PASSED] - Delayed 2 second(s)

2019-07-07 18:14:12 - [TEST_STEP][PASSED] - setText(findTestObject("insregistration/input_Claim No_claim_no"), "313131"): Text '313131' is set on object 'Object Repository/insregistration/input_Claim No_claim_no'

2019-07-07 18:14:12 - [MESSAGE][PASSED] - Text '313131' is set on object 'Object Repository/insregistration/input_Claim No_claim_no'

2019-07-07 18:14:12 - [TEST_STEP][PASSED] - delay(2): Delayed 2 second(s)

2019-07-07 18:14:14 - [MESSAGE][PASSED] - Delayed 2 second(s)

2019-07-07 18:14:14 - [TEST_STEP][PASSED] - click(findTestObject("insregistration/span_Consultation_getdeductible")): Object: 'Object Repository/insregistration/span_Consultation_getdeductible' is clicked on

2019-07-07 18:14:14 - [MESSAGE][PASSED] - Object: 'Object Repository/insregistration/span_Consultation_getdeductible' is clicked on

2019-07-07 18:14:14 - [TEST_STEP][PASSED] - delay(2): Delayed 2 second(s)

2019-07-07 18:14:16 - [MESSAGE][PASSED] - Delayed 2 second(s)

2019-07-07 18:14:16 - [TEST_STEP][FAILED] - setText(findTestObject("insregistration/input_Consultation_deductible"), "30"): setText(findTestObject("insregistration/input_Consultation_deductible"), "30") FAILED.
Reason:
com.kms.katalon.core.exception.StepFailedException: Unable to set text '30' of object 'Object Repository/insregistration/input_Consultation_deductible'
	at com.kms.katalon.core.keyword.internal.KeywordMain.stepFailed(KeywordMain.groovy:48)
	at com.kms.katalon.core.webui.keyword.internal.WebUIKeywordMain.stepFailed(WebUIKeywordMain.groovy:65)
	at com.kms.katalon.core.webui.keyword.internal.WebUIKeywordMain.runKeyword(WebUIKeywordMain.groovy:27)
	at com.kms.katalon.core.webui.keyword.builtin.SetTextKeyword.setText(SetTextKeyword.groovy:65)
	at com.kms.katalon.core.webui.keyword.builtin.SetTextKeyword.execute(SetTextKeyword.groovy:37)
	at com.kms.katalon.core.keyword.internal.KeywordExecutor.executeKeywordForPlatform(KeywordExecutor.groovy:56)
	at com.kms.katalon.core.webui.keyword.WebUiBuiltInKeywords.setText(WebUiBuiltInKeywords.groovy:950)
	at com.kms.katalon.core.webui.keyword.WebUiBuiltInKeywords$setText$1.call(Unknown Source)
	at insregistration.run(insregistration:176)
	at com.kms.katalon.core.main.ScriptEngine.run(ScriptEngine.java:194)
	at com.kms.katalon.core.main.ScriptEngine.runScriptAsRawText(ScriptEngine.java:119)
	at com.kms.katalon.core.main.TestCaseExecutor.runScript(TestCaseExecutor.java:331)
	at com.kms.katalon.core.main.TestCaseExecutor.doExecute(TestCaseExecutor.java:322)
	at com.kms.katalon.core.main.TestCaseExecutor.processExecutionPhase(TestCaseExecutor.java:301)
	at com.kms.katalon.core.main.TestCaseExecutor.accessMainPhase(TestCaseExecutor.java:293)
	at com.kms.katalon.core.main.TestCaseExecutor.execute(TestCaseExecutor.java:227)
	at com.kms.katalon.core.main.TestSuiteExecutor.accessTestCaseMainPhase(TestSuiteExecutor.java:129)
	at com.kms.katalon.core.main.TestSuiteExecutor.accessTestSuiteMainPhase(TestSuiteExecutor.java:112)
	at com.kms.katalon.core.main.TestSuiteExecutor.execute(TestSuiteExecutor.java:81)
	at com.kms.katalon.core.main.TestCaseMain.startTestSuite(TestCaseMain.java:157)
	at com.kms.katalon.core.main.TestCaseMain$startTestSuite$0.call(Unknown Source)
	at TempTestSuite1562508776074.run(TempTestSuite1562508776074.groovy:35)


2019-07-07 18:14:16 - [MESSAGE][FAILED] - Unable to set text '30' of object 'Object Repository/insregistration/input_Consultation_deductible'
[[ATTACHMENT|E:\\katalon\\damasproject\\Reports\\insregistration\\20190707_181251\\1562508856622.png]]

2019-07-07 18:14:16 - [MESSAGE][FAILED] - setText(findTestObject("insregistration/input_Consultation_deductible"), "30") FAILED.
Reason:
com.kms.katalon.core.exception.StepFailedException: Unable to set text '30' of object 'Object Repository/insregistration/input_Consultation_deductible'
	at com.kms.katalon.core.keyword.internal.KeywordMain.stepFailed(KeywordMain.groovy:48)
	at com.kms.katalon.core.webui.keyword.internal.WebUIKeywordMain.stepFailed(WebUIKeywordMain.groovy:65)
	at com.kms.katalon.core.webui.keyword.internal.WebUIKeywordMain.runKeyword(WebUIKeywordMain.groovy:27)
	at com.kms.katalon.core.webui.keyword.builtin.SetTextKeyword.setText(SetTextKeyword.groovy:65)
	at com.kms.katalon.core.webui.keyword.builtin.SetTextKeyword.execute(SetTextKeyword.groovy:37)
	at com.kms.katalon.core.keyword.internal.KeywordExecutor.executeKeywordForPlatform(KeywordExecutor.groovy:56)
	at com.kms.katalon.core.webui.keyword.WebUiBuiltInKeywords.setText(WebUiBuiltInKeywords.groovy:950)
	at com.kms.katalon.core.webui.keyword.WebUiBuiltInKeywords$setText$1.call(Unknown Source)
	at insregistration.run(insregistration:176)
	at com.kms.katalon.core.main.ScriptEngine.run(ScriptEngine.java:194)
	at com.kms.katalon.core.main.ScriptEngine.runScriptAsRawText(ScriptEngine.java:119)
	at com.kms.katalon.core.main.TestCaseExecutor.runScript(TestCaseExecutor.java:331)
	at com.kms.katalon.core.main.TestCaseExecutor.doExecute(TestCaseExecutor.java:322)
	at com.kms.katalon.core.main.TestCaseExecutor.processExecutionPhase(TestCaseExecutor.java:301)
	at com.kms.katalon.core.main.TestCaseExecutor.accessMainPhase(TestCaseExecutor.java:293)
	at com.kms.katalon.core.main.TestCaseExecutor.execute(TestCaseExecutor.java:227)
	at com.kms.katalon.core.main.TestSuiteExecutor.accessTestCaseMainPhase(TestSuiteExecutor.java:129)
	at com.kms.katalon.core.main.TestSuiteExecutor.accessTestSuiteMainPhase(TestSuiteExecutor.java:112)
	at com.kms.katalon.core.main.TestSuiteExecutor.execute(TestSuiteExecutor.java:81)
	at com.kms.katalon.core.main.TestCaseMain.startTestSuite(TestCaseMain.java:157)
	at com.kms.katalon.core.main.TestCaseMain$startTestSuite$0.call(Unknown Source)
	at TempTestSuite1562508776074.run(TempTestSuite1562508776074.groovy:35)]]></system-out>
         <system-err><![CDATA[2019-07-07 18:12:58 - [TEST_CASE][FAILED] - Test Cases/insregistration: Test Cases/insregistration FAILED.
Reason:
com.kms.katalon.core.exception.StepFailedException: Unable to set text '30' of object 'Object Repository/insregistration/input_Consultation_deductible'
	at com.kms.katalon.core.keyword.internal.KeywordMain.stepFailed(KeywordMain.groovy:48)
	at com.kms.katalon.core.webui.keyword.internal.WebUIKeywordMain.stepFailed(WebUIKeywordMain.groovy:65)
	at com.kms.katalon.core.webui.keyword.internal.WebUIKeywordMain.runKeyword(WebUIKeywordMain.groovy:27)
	at com.kms.katalon.core.webui.keyword.builtin.SetTextKeyword.setText(SetTextKeyword.groovy:65)
	at com.kms.katalon.core.webui.keyword.builtin.SetTextKeyword.execute(SetTextKeyword.groovy:37)
	at com.kms.katalon.core.keyword.internal.KeywordExecutor.executeKeywordForPlatform(KeywordExecutor.groovy:56)
	at com.kms.katalon.core.webui.keyword.WebUiBuiltInKeywords.setText(WebUiBuiltInKeywords.groovy:950)
	at com.kms.katalon.core.webui.keyword.WebUiBuiltInKeywords$setText$1.call(Unknown Source)
	at insregistration.run(insregistration:176)
	at com.kms.katalon.core.main.ScriptEngine.run(ScriptEngine.java:194)
	at com.kms.katalon.core.main.ScriptEngine.runScriptAsRawText(ScriptEngine.java:119)
	at com.kms.katalon.core.main.TestCaseExecutor.runScript(TestCaseExecutor.java:331)
	at com.kms.katalon.core.main.TestCaseExecutor.doExecute(TestCaseExecutor.java:322)
	at com.kms.katalon.core.main.TestCaseExecutor.processExecutionPhase(TestCaseExecutor.java:301)
	at com.kms.katalon.core.main.TestCaseExecutor.accessMainPhase(TestCaseExecutor.java:293)
	at com.kms.katalon.core.main.TestCaseExecutor.execute(TestCaseExecutor.java:227)
	at com.kms.katalon.core.main.TestSuiteExecutor.accessTestCaseMainPhase(TestSuiteExecutor.java:129)
	at com.kms.katalon.core.main.TestSuiteExecutor.accessTestSuiteMainPhase(TestSuiteExecutor.java:112)
	at com.kms.katalon.core.main.TestSuiteExecutor.execute(TestSuiteExecutor.java:81)
	at com.kms.katalon.core.main.TestCaseMain.startTestSuite(TestCaseMain.java:157)
	at com.kms.katalon.core.main.TestCaseMain$startTestSuite$0.call(Unknown Source)
	at TempTestSuite1562508776074.run(TempTestSuite1562508776074.groovy:35)]]></system-err>
      </testcase>
      <system-out><![CDATA[2019-07-07 18:12:57 - [TEST_SUITE][FAILED] - insregistration: Test Cases/insregistration FAILED.
Reason:
com.kms.katalon.core.exception.StepFailedException: Unable to set text '30' of object 'Object Repository/insregistration/input_Consultation_deductible'
	at com.kms.katalon.core.keyword.internal.KeywordMain.stepFailed(KeywordMain.groovy:48)
	at com.kms.katalon.core.webui.keyword.internal.WebUIKeywordMain.stepFailed(WebUIKeywordMain.groovy:65)
	at com.kms.katalon.core.webui.keyword.internal.WebUIKeywordMain.runKeyword(WebUIKeywordMain.groovy:27)
	at com.kms.katalon.core.webui.keyword.builtin.SetTextKeyword.setText(SetTextKeyword.groovy:65)
	at com.kms.katalon.core.webui.keyword.builtin.SetTextKeyword.execute(SetTextKeyword.groovy:37)
	at com.kms.katalon.core.keyword.internal.KeywordExecutor.executeKeywordForPlatform(KeywordExecutor.groovy:56)
	at com.kms.katalon.core.webui.keyword.WebUiBuiltInKeywords.setText(WebUiBuiltInKeywords.groovy:950)
	at com.kms.katalon.core.webui.keyword.WebUiBuiltInKeywords$setText$1.call(Unknown Source)
	at insregistration.run(insregistration:176)
	at com.kms.katalon.core.main.ScriptEngine.run(ScriptEngine.java:194)
	at com.kms.katalon.core.main.ScriptEngine.runScriptAsRawText(ScriptEngine.java:119)
	at com.kms.katalon.core.main.TestCaseExecutor.runScript(TestCaseExecutor.java:331)
	at com.kms.katalon.core.main.TestCaseExecutor.doExecute(TestCaseExecutor.java:322)
	at com.kms.katalon.core.main.TestCaseExecutor.processExecutionPhase(TestCaseExecutor.java:301)
	at com.kms.katalon.core.main.TestCaseExecutor.accessMainPhase(TestCaseExecutor.java:293)
	at com.kms.katalon.core.main.TestCaseExecutor.execute(TestCaseExecutor.java:227)
	at com.kms.katalon.core.main.TestSuiteExecutor.accessTestCaseMainPhase(TestSuiteExecutor.java:129)
	at com.kms.katalon.core.main.TestSuiteExecutor.accessTestSuiteMainPhase(TestSuiteExecutor.java:112)
	at com.kms.katalon.core.main.TestSuiteExecutor.execute(TestSuiteExecutor.java:81)
	at com.kms.katalon.core.main.TestCaseMain.startTestSuite(TestCaseMain.java:157)
	at com.kms.katalon.core.main.TestCaseMain$startTestSuite$0.call(Unknown Source)
	at TempTestSuite1562508776074.run(TempTestSuite1562508776074.groovy:35)]]></system-out>
      <system-err><![CDATA[2019-07-07 18:12:57 - [TEST_SUITE][FAILED] - insregistration: Test Cases/insregistration FAILED.
Reason:
com.kms.katalon.core.exception.StepFailedException: Unable to set text '30' of object 'Object Repository/insregistration/input_Consultation_deductible'
	at com.kms.katalon.core.keyword.internal.KeywordMain.stepFailed(KeywordMain.groovy:48)
	at com.kms.katalon.core.webui.keyword.internal.WebUIKeywordMain.stepFailed(WebUIKeywordMain.groovy:65)
	at com.kms.katalon.core.webui.keyword.internal.WebUIKeywordMain.runKeyword(WebUIKeywordMain.groovy:27)
	at com.kms.katalon.core.webui.keyword.builtin.SetTextKeyword.setText(SetTextKeyword.groovy:65)
	at com.kms.katalon.core.webui.keyword.builtin.SetTextKeyword.execute(SetTextKeyword.groovy:37)
	at com.kms.katalon.core.keyword.internal.KeywordExecutor.executeKeywordForPlatform(KeywordExecutor.groovy:56)
	at com.kms.katalon.core.webui.keyword.WebUiBuiltInKeywords.setText(WebUiBuiltInKeywords.groovy:950)
	at com.kms.katalon.core.webui.keyword.WebUiBuiltInKeywords$setText$1.call(Unknown Source)
	at insregistration.run(insregistration:176)
	at com.kms.katalon.core.main.ScriptEngine.run(ScriptEngine.java:194)
	at com.kms.katalon.core.main.ScriptEngine.runScriptAsRawText(ScriptEngine.java:119)
	at com.kms.katalon.core.main.TestCaseExecutor.runScript(TestCaseExecutor.java:331)
	at com.kms.katalon.core.main.TestCaseExecutor.doExecute(TestCaseExecutor.java:322)
	at com.kms.katalon.core.main.TestCaseExecutor.processExecutionPhase(TestCaseExecutor.java:301)
	at com.kms.katalon.core.main.TestCaseExecutor.accessMainPhase(TestCaseExecutor.java:293)
	at com.kms.katalon.core.main.TestCaseExecutor.execute(TestCaseExecutor.java:227)
	at com.kms.katalon.core.main.TestSuiteExecutor.accessTestCaseMainPhase(TestSuiteExecutor.java:129)
	at com.kms.katalon.core.main.TestSuiteExecutor.accessTestSuiteMainPhase(TestSuiteExecutor.java:112)
	at com.kms.katalon.core.main.TestSuiteExecutor.execute(TestSuiteExecutor.java:81)
	at com.kms.katalon.core.main.TestCaseMain.startTestSuite(TestCaseMain.java:157)
	at com.kms.katalon.core.main.TestCaseMain$startTestSuite$0.call(Unknown Source)
	at TempTestSuite1562508776074.run(TempTestSuite1562508776074.groovy:35)]]></system-err>
   </testsuite>
</testsuites>
